<?xml version="1.0" encoding="UTF-8"?>
<!-- Generated by org.testng.reporters.JUnitReportReporter -->
<testsuite hostname="HpPoonam" failures="0" tests="2" name="Tests.FB" time="10.329" errors="0" timestamp="26 Aug 2023 17:40:50 GMT">
  <testcase classname="Tests.FB" name="enterUserNameAndPassword" time="3.740"/>
  <testcase classname="Tests.FB" name="fetchTitle" time="6.589"/>
</testsuite> <!-- Tests.FB -->
