<?xml version="1.0" encoding="UTF-8"?>
<!-- Generated by org.testng.reporters.JUnitReportReporter -->
<testsuite hostname="HpPoonam" failures="0" tests="1" name="LearningWaits.GettingStartedWithWaits" time="8.347" errors="0" timestamp="11 Aug 2023 13:23:38 GMT">
  <testcase classname="LearningWaits.GettingStartedWithWaits" name="learnWaits" time="8.347"/>
</testsuite> <!-- LearningWaits.GettingStartedWithWaits -->
